Forwarding from 127.0.0.1:8080 -> 8080
Forwarding from [::1]:8080 -> 8080
Handling connection for 8080
Handling connection for 8080
Handling connection for 8080
Handling connection for 8080
Handling connection for 8080
Handling connection for 8080
Handling connection for 8080
Handling connection for 8080
Handling connection for 8080
Handling connection for 8080
Handling connection for 8080
Handling connection for 8080
Handling connection for 8080
Handling connection for 8080
Handling connection for 8080
Handling connection for 8080
Handling connection for 8080
Handling connection for 8080
Handling connection for 8080
Handling connection for 8080
Handling connection for 8080
Handling connection for 8080
Handling connection for 8080
Handling connection for 8080
Handling connection for 8080
Handling connection for 8080
Handling connection for 8080
Handling connection for 8080
Handling connection for 8080
Handling connection for 8080
Handling connection for 8080
Handling connection for 8080
Handling connection for 8080
E0607 10:11:41.924847   11878 portforward.go:381] error copying from remote stream to local connection: readfrom tcp6 [::1]:8080->[::1]:44158: write tcp6 [::1]:8080->[::1]:44158: write: broken pipe
Handling connection for 8080
Handling connection for 8080
Handling connection for 8080
Handling connection for 8080
Handling connection for 8080
Handling connection for 8080
Handling connection for 8080
Handling connection for 8080
Handling connection for 8080
Handling connection for 8080
Handling connection for 8080
Handling connection for 8080
Handling connection for 8080
Handling connection for 8080
Handling connection for 8080
Handling connection for 8080
E0607 10:16:50.183138   11878 portforward.go:381] error copying from remote stream to local connection: readfrom tcp6 [::1]:8080->[::1]:37734: write tcp6 [::1]:8080->[::1]:37734: write: broken pipe
E0607 10:16:52.837381   11878 portforward.go:381] error copying from remote stream to local connection: readfrom tcp6 [::1]:8080->[::1]:37788: write tcp6 [::1]:8080->[::1]:37788: write: broken pipe
Handling connection for 8080
Handling connection for 8080
Handling connection for 8080
Handling connection for 8080
Handling connection for 8080
Handling connection for 8080
Handling connection for 8080
Handling connection for 8080
Handling connection for 8080
Handling connection for 8080
Handling connection for 8080
Handling connection for 8080
Handling connection for 8080
Handling connection for 8080
Handling connection for 8080
Handling connection for 8080
Handling connection for 8080
Handling connection for 8080
Handling connection for 8080
Handling connection for 8080
Handling connection for 8080
Handling connection for 8080
E0607 10:21:17.938127   11878 portforward.go:381] error copying from remote stream to local connection: readfrom tcp6 [::1]:8080->[::1]:40330: write tcp6 [::1]:8080->[::1]:40330: write: broken pipe
Handling connection for 8080
Handling connection for 8080
Handling connection for 8080
Handling connection for 8080
Handling connection for 8080
Handling connection for 8080
Handling connection for 8080
Handling connection for 8080
Handling connection for 8080
Handling connection for 8080
Handling connection for 8080
Handling connection for 8080
Handling connection for 8080
Handling connection for 8080
Handling connection for 8080
Handling connection for 8080
Handling connection for 8080
Handling connection for 8080
Handling connection for 8080
Handling connection for 8080
Handling connection for 8080
Handling connection for 8080
E0607 10:23:25.915324   11878 portforward.go:381] error copying from remote stream to local connection: readfrom tcp6 [::1]:8080->[::1]:58936: write tcp6 [::1]:8080->[::1]:58936: write: broken pipe
Handling connection for 8080
Handling connection for 8080
Handling connection for 8080
Handling connection for 8080
Handling connection for 8080
Handling connection for 8080
E0607 10:28:27.924036   11878 portforward.go:381] error copying from remote stream to local connection: readfrom tcp6 [::1]:8080->[::1]:37492: write tcp6 [::1]:8080->[::1]:37492: write: broken pipe
E0607 10:28:27.924224   11878 portforward.go:381] error copying from remote stream to local connection: readfrom tcp6 [::1]:8080->[::1]:45104: write tcp6 [::1]:8080->[::1]:45104: write: broken pipe
Handling connection for 8080
Handling connection for 8080
Handling connection for 8080
Handling connection for 8080
E0607 10:28:34.921282   11878 portforward.go:381] error copying from remote stream to local connection: readfrom tcp6 [::1]:8080->[::1]:34332: write tcp6 [::1]:8080->[::1]:34332: write: broken pipe
Handling connection for 8080
Handling connection for 8080
Handling connection for 8080
Handling connection for 8080
Handling connection for 8080
Handling connection for 8080
E0607 10:28:45.928746   11878 portforward.go:381] error copying from remote stream to local connection: readfrom tcp6 [::1]:8080->[::1]:34594: write tcp6 [::1]:8080->[::1]:34594: write: broken pipe
Handling connection for 8080
Handling connection for 8080
error: TYPE/NAME and list of ports are required for port-forward
See 'kubectl port-forward -h' for help and examples
error: TYPE/NAME and list of ports are required for port-forward
See 'kubectl port-forward -h' for help and examples
Handling connection for 8080
Handling connection for 8080
Handling connection for 8080
Handling connection for 8080
Handling connection for 8080
Handling connection for 8080
Handling connection for 8080
Handling connection for 8080
Handling connection for 8080
Handling connection for 8080
Handling connection for 8080
Handling connection for 8080
Handling connection for 8080
Handling connection for 8080
Handling connection for 8080
Handling connection for 8080
Handling connection for 8080
Handling connection for 8080
E0607 10:30:24.929641   11878 portforward.go:381] error copying from remote stream to local connection: readfrom tcp6 [::1]:8080->[::1]:48542: write tcp6 [::1]:8080->[::1]:48542: write: broken pipe
error: TYPE/NAME and list of ports are required for port-forward
See 'kubectl port-forward -h' for help and examples
Forwarding from 127.0.0.1:9090 -> 8080
Forwarding from [::1]:9090 -> 8080
Handling connection for 8080
Handling connection for 8080
Handling connection for 8080
Handling connection for 8080
Handling connection for 8080
Handling connection for 8080
Handling connection for 8080
Handling connection for 8080
Handling connection for 8080
Handling connection for 8080
Handling connection for 8080
Handling connection for 9090
Handling connection for 9090
E0607 10:31:36.925681   11878 portforward.go:381] error copying from remote stream to local connection: readfrom tcp6 [::1]:8080->[::1]:43768: write tcp6 [::1]:8080->[::1]:43768: write: broken pipe
Handling connection for 8080
Handling connection for 8080
Handling connection for 8080
Handling connection for 8080
Handling connection for 8080
Handling connection for 8080
Handling connection for 8080
Handling connection for 8080
Handling connection for 8080
Handling connection for 8080
Handling connection for 8080
Handling connection for 8080
Handling connection for 8080
E0607 10:48:21.929961   11878 portforward.go:381] error copying from remote stream to local connection: readfrom tcp6 [::1]:8080->[::1]:55278: write tcp6 [::1]:8080->[::1]:55278: write: broken pipe
Handling connection for 8080
Handling connection for 8080
Handling connection for 8080
Handling connection for 8080
Handling connection for 8080
Handling connection for 8080
E0607 10:51:14.927075   11878 portforward.go:381] error copying from remote stream to local connection: readfrom tcp6 [::1]:8080->[::1]:40390: write tcp6 [::1]:8080->[::1]:40390: write: broken pipe
Handling connection for 8080
Handling connection for 8080
Handling connection for 8080
Handling connection for 8080
Handling connection for 9090
Handling connection for 9090
E0607 10:55:17.166541   68525 portforward.go:409] an error occurred forwarding 9090 -> 8080: error forwarding port 8080 to pod ab9b139b01cdf4af1109285af8a4b34744b789822788c99bb6247bfd469354d4, uid : Error response from daemon: No such container: ab9b139b01cdf4af1109285af8a4b34744b789822788c99bb6247bfd469354d4
error: lost connection to pod
Handling connection for 8080
Handling connection for 8080
Handling connection for 8080
Handling connection for 8080
E0607 10:55:22.610264   11878 portforward.go:381] error copying from remote stream to local connection: readfrom tcp6 [::1]:8080->[::1]:51452: write tcp6 [::1]:8080->[::1]:51452: write: broken pipe
Handling connection for 8080
Handling connection for 8080
Handling connection for 8080
Handling connection for 8080
Handling connection for 8080
Handling connection for 8080
Handling connection for 8080
Handling connection for 8080
Handling connection for 8080
Handling connection for 8080
Handling connection for 8080
